<?xml version="1.0" encoding="UTF-8"?>
<!-- Generated by org.testng.reporters.JUnitXMLReporter -->
<testsuite hostname="Rashmi-Laptop" ignored="0" name="Verify that user is able to add promise and search promise, logout Sucessfully." tests="3" failures="0" timestamp="2020-09-10T23:14:24 IST" time="12.466" errors="0">
  <testcase name="verifyAddPromise" time="2.189" classname="com.clarion.qa.test.PromiseTest"/>
  <testcase name="verifySucessfullAdditionOfPromise" time="1.109" classname="com.clarion.qa.test.PromiseTest"/>
  <testcase name="verifySucessfulLogout" time="0.377" classname="com.clarion.qa.test.PromiseTest"/>
</testsuite> <!-- Verify that user is able to add promise and search promise, logout Sucessfully. -->
