<?xml version="1.0" encoding="UTF-8"?>
<!-- Generated by org.testng.reporters.JUnitXMLReporter -->
<testsuite hostname="Rashmi-Laptop" ignored="0" name="Verify Login Scenarios." tests="2" failures="0" timestamp="2020-09-10T23:14:11 IST" time="10.571" errors="0">
  <testcase name="verifyLoginValidationMessages" time="0.585" classname="com.clarion.qa.test.LoginTest"/>
  <testcase name="verifySucessfulLogin" time="1.261" classname="com.clarion.qa.test.LoginTest"/>
</testsuite> <!-- Verify Login Scenarios. -->
