<?xml version="1.0" encoding="UTF-8"?>
<!-- Generated by org.testng.reporters.JUnitXMLReporter -->
<testsuite hostname="Rashmi-Laptop" ignored="0" name="Verify Login Scenarios" tests="2" failures="0" timestamp="2020-09-10T20:32:06 IST" time="10.679" errors="0">
  <testcase name="verifyLoginValidationMessages" time="2.652" classname="com.clarion.qa.test.LoginTest"/>
  <testcase name="verifySucessfulLogin" time="0.002" classname="com.clarion.qa.test.LoginTest"/>
</testsuite> <!-- Verify Login Scenarios -->
